28.05.2007-18:46 - DEBUG - Set Lock: D:\server\www\ispconfig3\server/temp/.ispconfig_lock
28.05.2007-18:46 - DEBUG - Found 1 changes, starting update process.
28.05.2007-18:46 - DEBUG - Remove Lock: D:\server\www\ispconfig3\server/temp/.ispconfig_lock
28.05.2007-18:47 - DEBUG - Set Lock: D:\server\www\ispconfig3\server/temp/.ispconfig_lock
28.05.2007-18:47 - DEBUG - Found 1 changes, starting update process.
28.05.2007-18:49 - DEBUG - Found 1 changes, starting update process.
28.05.2007-18:49 - DEBUG - Found 1 changes, starting update process.
28.05.2007-18:49 - DEBUG - Found 1 changes, starting update process.
28.05.2007-18:49 - DEBUG - Loading Module: 
28.05.2007-18:50 - DEBUG - Set Lock: D:\server\www\ispconfig3\server/temp/.ispconfig_lock
28.05.2007-18:50 - DEBUG - Found 1 changes, starting update process.
28.05.2007-18:50 - DEBUG - Loading Module: 
28.05.2007-18:52 - DEBUG - Found 1 changes, starting update process.
28.05.2007-18:52 - DEBUG - Loading Module: 
28.05.2007-18:52 - DEBUG - Found 1 changes, starting update process.
28.05.2007-18:52 - DEBUG - Loading Module: 
28.05.2007-18:52 - DEBUG - Found 1 changes, starting update process.
28.05.2007-18:52 - DEBUG - Loading Module: mail_module
28.05.2007-18:55 - DEBUG - Found 1 changes, starting update process.
28.05.2007-18:55 - DEBUG - Loading Module: mail_module
28.05.2007-18:56 - DEBUG - Found 1 changes, starting update process.
28.05.2007-18:56 - DEBUG - Loading Module: mail_module
28.05.2007-18:57 - DEBUG - Found 1 changes, starting update process.
28.05.2007-18:57 - DEBUG - Loading Module: mail_module
28.05.2007-18:57 - DEBUG - Announced event: mail_domain_insert
28.05.2007-18:57 - DEBUG - Announced event: mail_domain_update
28.05.2007-18:57 - DEBUG - Announced event: mail_domain_delete
28.05.2007-18:57 - DEBUG - Announced event: mail_user_insert
28.05.2007-18:57 - DEBUG - Announced event: mail_user_update
28.05.2007-18:57 - DEBUG - Announced event: mail_user_delete
28.05.2007-18:57 - DEBUG - Announced event: mail_access_insert
28.05.2007-18:57 - DEBUG - Announced event: mail_access_update
28.05.2007-18:57 - DEBUG - Announced event: mail_access_delete
28.05.2007-18:57 - DEBUG - Announced event: mail_forwarding_insert
28.05.2007-18:57 - DEBUG - Announced event: mail_forwarding_update
28.05.2007-18:57 - DEBUG - Announced event: mail_forwarding_delete
28.05.2007-18:57 - DEBUG - Announced event: mail_transport_insert
28.05.2007-18:57 - DEBUG - Announced event: mail_transport_update
28.05.2007-18:57 - DEBUG - Announced event: mail_transport_delete
28.05.2007-18:57 - DEBUG - Announced event: mail_get_insert
28.05.2007-18:57 - DEBUG - Announced event: mail_get_update
28.05.2007-18:57 - DEBUG - Announced event: mail_get_delete
28.05.2007-18:57 - DEBUG - Loading Plugin: getmail_plugin
28.05.2007-18:58 - DEBUG - Found 1 changes, starting update process.
28.05.2007-18:58 - DEBUG - Loading Module: mail_module
28.05.2007-18:58 - DEBUG - Announced event: mail_domain_insert
28.05.2007-18:58 - DEBUG - Announced event: mail_domain_update
28.05.2007-18:58 - DEBUG - Announced event: mail_domain_delete
28.05.2007-18:58 - DEBUG - Announced event: mail_user_insert
28.05.2007-18:58 - DEBUG - Announced event: mail_user_update
28.05.2007-18:58 - DEBUG - Announced event: mail_user_delete
28.05.2007-18:58 - DEBUG - Announced event: mail_access_insert
28.05.2007-18:58 - DEBUG - Announced event: mail_access_update
28.05.2007-18:58 - DEBUG - Announced event: mail_access_delete
28.05.2007-18:58 - DEBUG - Announced event: mail_forwarding_insert
28.05.2007-18:58 - DEBUG - Announced event: mail_forwarding_update
28.05.2007-18:58 - DEBUG - Announced event: mail_forwarding_delete
28.05.2007-18:58 - DEBUG - Announced event: mail_transport_insert
28.05.2007-18:58 - DEBUG - Announced event: mail_transport_update
28.05.2007-18:58 - DEBUG - Announced event: mail_transport_delete
28.05.2007-18:58 - DEBUG - Announced event: mail_get_insert
28.05.2007-18:58 - DEBUG - Announced event: mail_get_update
28.05.2007-18:58 - DEBUG - Announced event: mail_get_delete
28.05.2007-18:58 - DEBUG - Loading Plugin: getmail_plugin
28.05.2007-18:58 - DEBUG - Unable to register the function 'insert' in the plugin 'getmail_plugin' for event 'mail_get_insert'
28.05.2007-18:58 - DEBUG - Unable to register the function 'update' in the plugin 'getmail_plugin' for event 'mail_get_update'
28.05.2007-18:58 - DEBUG - Unable to register the function 'delete' in the plugin 'getmail_plugin' for event 'mail_get_delete'
28.05.2007-18:58 - DEBUG - Raised event: mail_get_insert
28.05.2007-18:59 - DEBUG - Found 1 changes, starting update process.
28.05.2007-18:59 - DEBUG - Loading Module: mail_module
28.05.2007-18:59 - DEBUG - Announced event: mail_domain_insert
28.05.2007-18:59 - DEBUG - Announced event: mail_domain_update
28.05.2007-18:59 - DEBUG - Announced event: mail_domain_delete
28.05.2007-18:59 - DEBUG - Announced event: mail_user_insert
28.05.2007-18:59 - DEBUG - Announced event: mail_user_update
28.05.2007-18:59 - DEBUG - Announced event: mail_user_delete
28.05.2007-18:59 - DEBUG - Announced event: mail_access_insert
28.05.2007-18:59 - DEBUG - Announced event: mail_access_update
28.05.2007-18:59 - DEBUG - Announced event: mail_access_delete
28.05.2007-18:59 - DEBUG - Announced event: mail_forwarding_insert
28.05.2007-18:59 - DEBUG - Announced event: mail_forwarding_update
28.05.2007-18:59 - DEBUG - Announced event: mail_forwarding_delete
28.05.2007-18:59 - DEBUG - Announced event: mail_transport_insert
28.05.2007-18:59 - DEBUG - Announced event: mail_transport_update
28.05.2007-18:59 - DEBUG - Announced event: mail_transport_delete
28.05.2007-18:59 - DEBUG - Announced event: mail_get_insert
28.05.2007-18:59 - DEBUG - Announced event: mail_get_update
28.05.2007-18:59 - DEBUG - Announced event: mail_get_delete
28.05.2007-18:59 - DEBUG - Loading Plugin: getmail_plugin
28.05.2007-18:59 - DEBUG - Registered the function 'insert' in the plugin 'getmail_plugin' for event 'mail_get_insert'.
28.05.2007-18:59 - DEBUG - Registered the function 'update' in the plugin 'getmail_plugin' for event 'mail_get_update'.
28.05.2007-18:59 - DEBUG - Registered the function 'delete' in the plugin 'getmail_plugin' for event 'mail_get_delete'.
28.05.2007-18:59 - DEBUG - Raised event: mail_get_insert
28.05.2007-18:59 - DEBUG - Called function insert in plugin getmail_plugin raised by event mail_get_insert.
28.05.2007-19:00 - DEBUG - Found 1 changes, starting update process.
28.05.2007-19:00 - DEBUG - Loading Module: mail_module
28.05.2007-19:00 - DEBUG - Announced event: mail_domain_insert
28.05.2007-19:00 - DEBUG - Announced event: mail_domain_update
28.05.2007-19:00 - DEBUG - Announced event: mail_domain_delete
28.05.2007-19:00 - DEBUG - Announced event: mail_user_insert
28.05.2007-19:00 - DEBUG - Announced event: mail_user_update
28.05.2007-19:00 - DEBUG - Announced event: mail_user_delete
28.05.2007-19:00 - DEBUG - Announced event: mail_access_insert
28.05.2007-19:00 - DEBUG - Announced event: mail_access_update
28.05.2007-19:00 - DEBUG - Announced event: mail_access_delete
28.05.2007-19:00 - DEBUG - Announced event: mail_forwarding_insert
28.05.2007-19:00 - DEBUG - Announced event: mail_forwarding_update
28.05.2007-19:00 - DEBUG - Announced event: mail_forwarding_delete
28.05.2007-19:00 - DEBUG - Announced event: mail_transport_insert
28.05.2007-19:00 - DEBUG - Announced event: mail_transport_update
28.05.2007-19:00 - DEBUG - Announced event: mail_transport_delete
28.05.2007-19:00 - DEBUG - Announced event: mail_get_insert
28.05.2007-19:00 - DEBUG - Announced event: mail_get_update
28.05.2007-19:00 - DEBUG - Announced event: mail_get_delete
28.05.2007-19:00 - DEBUG - Loading Plugin: getmail_plugin
28.05.2007-19:00 - DEBUG - Registered the function 'insert' in the plugin 'getmail_plugin' for event 'mail_get_insert'.
28.05.2007-19:00 - DEBUG - Registered the function 'update' in the plugin 'getmail_plugin' for event 'mail_get_update'.
28.05.2007-19:00 - DEBUG - Registered the function 'delete' in the plugin 'getmail_plugin' for event 'mail_get_delete'.
28.05.2007-19:00 - DEBUG - Raised event: mail_get_insert
28.05.2007-19:00 - DEBUG - bin da
28.05.2007-19:00 - DEBUG - Called function insert in plugin getmail_plugin raised by event mail_get_insert.
28.05.2007-19:00 - DEBUG - Found 1 changes, starting update process.
28.05.2007-19:00 - DEBUG - Loading Module: mail_module
28.05.2007-19:00 - DEBUG - Announced event: mail_domain_insert
28.05.2007-19:00 - DEBUG - Announced event: mail_domain_update
28.05.2007-19:00 - DEBUG - Announced event: mail_domain_delete
28.05.2007-19:00 - DEBUG - Announced event: mail_user_insert
28.05.2007-19:00 - DEBUG - Announced event: mail_user_update
28.05.2007-19:00 - DEBUG - Announced event: mail_user_delete
28.05.2007-19:00 - DEBUG - Announced event: mail_access_insert
28.05.2007-19:00 - DEBUG - Announced event: mail_access_update
28.05.2007-19:00 - DEBUG - Announced event: mail_access_delete
28.05.2007-19:00 - DEBUG - Announced event: mail_forwarding_insert
28.05.2007-19:00 - DEBUG - Announced event: mail_forwarding_update
28.05.2007-19:00 - DEBUG - Announced event: mail_forwarding_delete
28.05.2007-19:00 - DEBUG - Announced event: mail_transport_insert
28.05.2007-19:00 - DEBUG - Announced event: mail_transport_update
28.05.2007-19:00 - DEBUG - Announced event: mail_transport_delete
28.05.2007-19:00 - DEBUG - Announced event: mail_get_insert
28.05.2007-19:00 - DEBUG - Announced event: mail_get_update
28.05.2007-19:00 - DEBUG - Announced event: mail_get_delete
28.05.2007-19:00 - DEBUG - Loading Plugin: getmail_plugin
28.05.2007-19:00 - DEBUG - Registered the function 'insert' in the plugin 'getmail_plugin' for event 'mail_get_insert'.
28.05.2007-19:00 - DEBUG - Registered the function 'update' in the plugin 'getmail_plugin' for event 'mail_get_update'.
28.05.2007-19:00 - DEBUG - Registered the function 'delete' in the plugin 'getmail_plugin' for event 'mail_get_delete'.
28.05.2007-19:00 - DEBUG - Raised event: mail_get_insert
28.05.2007-19:00 - DEBUG - bin da
28.05.2007-19:00 - DEBUG - Called function insert in plugin getmail_plugin raised by event mail_get_insert.
28.05.2007-19:00 - DEBUG - Found 1 changes, starting update process.
28.05.2007-19:00 - DEBUG - Loading Module: mail_module
28.05.2007-19:00 - DEBUG - Announced event: mail_domain_insert
28.05.2007-19:00 - DEBUG - Announced event: mail_domain_update
28.05.2007-19:00 - DEBUG - Announced event: mail_domain_delete
28.05.2007-19:00 - DEBUG - Announced event: mail_user_insert
28.05.2007-19:00 - DEBUG - Announced event: mail_user_update
28.05.2007-19:00 - DEBUG - Announced event: mail_user_delete
28.05.2007-19:00 - DEBUG - Announced event: mail_access_insert
28.05.2007-19:00 - DEBUG - Announced event: mail_access_update
28.05.2007-19:00 - DEBUG - Announced event: mail_access_delete
28.05.2007-19:00 - DEBUG - Announced event: mail_forwarding_insert
28.05.2007-19:00 - DEBUG - Announced event: mail_forwarding_update
28.05.2007-19:00 - DEBUG - Announced event: mail_forwarding_delete
28.05.2007-19:00 - DEBUG - Announced event: mail_transport_insert
28.05.2007-19:00 - DEBUG - Announced event: mail_transport_update
28.05.2007-19:00 - DEBUG - Announced event: mail_transport_delete
28.05.2007-19:00 - DEBUG - Announced event: mail_get_insert
28.05.2007-19:00 - DEBUG - Announced event: mail_get_update
28.05.2007-19:00 - DEBUG - Announced event: mail_get_delete
28.05.2007-19:00 - DEBUG - Loading Plugin: getmail_plugin
28.05.2007-19:00 - DEBUG - Registered the function 'insert' in the plugin 'getmail_plugin' for event 'mail_get_insert'.
28.05.2007-19:00 - DEBUG - Registered the function 'update' in the plugin 'getmail_plugin' for event 'mail_get_update'.
28.05.2007-19:00 - DEBUG - Registered the function 'delete' in the plugin 'getmail_plugin' for event 'mail_get_delete'.
28.05.2007-19:00 - DEBUG - Raised event: mail_get_insert
28.05.2007-19:00 - DEBUG - bin da
28.05.2007-19:00 - DEBUG - Called function insert in plugin getmail_plugin raised by event mail_get_insert.
28.05.2007-19:06 - DEBUG - Found 1 changes, starting update process.
28.05.2007-19:06 - DEBUG - Loading Module: mail_module
28.05.2007-19:06 - DEBUG - Announced event: mail_domain_insert
28.05.2007-19:06 - DEBUG - Announced event: mail_domain_update
28.05.2007-19:06 - DEBUG - Announced event: mail_domain_delete
28.05.2007-19:06 - DEBUG - Announced event: mail_user_insert
28.05.2007-19:06 - DEBUG - Announced event: mail_user_update
28.05.2007-19:06 - DEBUG - Announced event: mail_user_delete
28.05.2007-19:06 - DEBUG - Announced event: mail_access_insert
28.05.2007-19:06 - DEBUG - Announced event: mail_access_update
28.05.2007-19:06 - DEBUG - Announced event: mail_access_delete
28.05.2007-19:06 - DEBUG - Announced event: mail_forwarding_insert
28.05.2007-19:06 - DEBUG - Announced event: mail_forwarding_update
28.05.2007-19:06 - DEBUG - Announced event: mail_forwarding_delete
28.05.2007-19:06 - DEBUG - Announced event: mail_transport_insert
28.05.2007-19:06 - DEBUG - Announced event: mail_transport_update
28.05.2007-19:06 - DEBUG - Announced event: mail_transport_delete
28.05.2007-19:06 - DEBUG - Announced event: mail_get_insert
28.05.2007-19:06 - DEBUG - Announced event: mail_get_update
28.05.2007-19:06 - DEBUG - Announced event: mail_get_delete
28.05.2007-19:07 - DEBUG - Found 1 changes, starting update process.
28.05.2007-19:07 - DEBUG - Loading Module: mail_module
28.05.2007-19:07 - DEBUG - Announced event: mail_domain_insert
28.05.2007-19:07 - DEBUG - Announced event: mail_domain_update
28.05.2007-19:07 - DEBUG - Announced event: mail_domain_delete
28.05.2007-19:07 - DEBUG - Announced event: mail_user_insert
28.05.2007-19:07 - DEBUG - Announced event: mail_user_update
28.05.2007-19:07 - DEBUG - Announced event: mail_user_delete
28.05.2007-19:07 - DEBUG - Announced event: mail_access_insert
28.05.2007-19:07 - DEBUG - Announced event: mail_access_update
28.05.2007-19:07 - DEBUG - Announced event: mail_access_delete
28.05.2007-19:07 - DEBUG - Announced event: mail_forwarding_insert
28.05.2007-19:07 - DEBUG - Announced event: mail_forwarding_update
28.05.2007-19:07 - DEBUG - Announced event: mail_forwarding_delete
28.05.2007-19:07 - DEBUG - Announced event: mail_transport_insert
28.05.2007-19:07 - DEBUG - Announced event: mail_transport_update
28.05.2007-19:07 - DEBUG - Announced event: mail_transport_delete
28.05.2007-19:07 - DEBUG - Announced event: mail_get_insert
28.05.2007-19:07 - DEBUG - Announced event: mail_get_update
28.05.2007-19:07 - DEBUG - Announced event: mail_get_delete
28.05.2007-19:07 - DEBUG - Registered TableHook for table 'mail_access' in module 'mail_module' with processing function 'process'
28.05.2007-19:07 - DEBUG - Registered TableHook for table 'mail_domain' in module 'mail_module' with processing function 'process'
28.05.2007-19:07 - DEBUG - Registered TableHook for table 'mail_forwarding' in module 'mail_module' with processing function 'process'
28.05.2007-19:07 - DEBUG - Registered TableHook for table 'mail_transport' in module 'mail_module' with processing function 'process'
28.05.2007-19:07 - DEBUG - Registered TableHook for table 'mail_user' in module 'mail_module' with processing function 'process'
28.05.2007-19:07 - DEBUG - Registered TableHook for table 'mail_get' in module 'mail_module' with processing function 'process'
28.05.2007-19:07 - DEBUG - Loading Plugin: getmail_plugin
28.05.2007-19:07 - DEBUG - Registered the function 'insert' in the plugin 'getmail_plugin' for event 'mail_get_insert'.
28.05.2007-19:07 - DEBUG - Registered the function 'update' in the plugin 'getmail_plugin' for event 'mail_get_update'.
28.05.2007-19:07 - DEBUG - Registered the function 'delete' in the plugin 'getmail_plugin' for event 'mail_get_delete'.
28.05.2007-19:07 - DEBUG - Raised TableHook for table mail_get
28.05.2007-19:07 - DEBUG - Raised event: mail_get_insert
28.05.2007-19:07 - DEBUG - bin da
28.05.2007-19:07 - DEBUG - Called function insert in plugin getmail_plugin raised by event mail_get_insert.
28.05.2007-19:07 - DEBUG - Called function 'process' in module 'mail_module' raised by TableHook 'mail_get'.
28.05.2007-19:08 - DEBUG - Found 1 changes, starting update process.
28.05.2007-19:08 - DEBUG - Loading Module: mail_module
28.05.2007-19:08 - DEBUG - Announced event: mail_domain_insert
28.05.2007-19:08 - DEBUG - Announced event: mail_domain_update
28.05.2007-19:08 - DEBUG - Announced event: mail_domain_delete
28.05.2007-19:08 - DEBUG - Announced event: mail_user_insert
28.05.2007-19:08 - DEBUG - Announced event: mail_user_update
28.05.2007-19:08 - DEBUG - Announced event: mail_user_delete
28.05.2007-19:08 - DEBUG - Announced event: mail_access_insert
28.05.2007-19:08 - DEBUG - Announced event: mail_access_update
28.05.2007-19:08 - DEBUG - Announced event: mail_access_delete
28.05.2007-19:08 - DEBUG - Announced event: mail_forwarding_insert
28.05.2007-19:08 - DEBUG - Announced event: mail_forwarding_update
28.05.2007-19:08 - DEBUG - Announced event: mail_forwarding_delete
28.05.2007-19:08 - DEBUG - Announced event: mail_transport_insert
28.05.2007-19:08 - DEBUG - Announced event: mail_transport_update
28.05.2007-19:08 - DEBUG - Announced event: mail_transport_delete
28.05.2007-19:08 - DEBUG - Announced event: mail_get_insert
28.05.2007-19:08 - DEBUG - Announced event: mail_get_update
28.05.2007-19:08 - DEBUG - Announced event: mail_get_delete
28.05.2007-19:08 - DEBUG - Registered TableHook mail_access' in module 'mail_module' for processing function 'process'
28.05.2007-19:08 - DEBUG - Registered TableHook mail_domain' in module 'mail_module' for processing function 'process'
28.05.2007-19:08 - DEBUG - Registered TableHook mail_forwarding' in module 'mail_module' for processing function 'process'
28.05.2007-19:08 - DEBUG - Registered TableHook mail_transport' in module 'mail_module' for processing function 'process'
28.05.2007-19:08 - DEBUG - Registered TableHook mail_user' in module 'mail_module' for processing function 'process'
28.05.2007-19:08 - DEBUG - Registered TableHook mail_get' in module 'mail_module' for processing function 'process'
28.05.2007-19:08 - DEBUG - Loading Plugin: getmail_plugin
28.05.2007-19:08 - DEBUG - Registered the function 'insert' in the plugin 'getmail_plugin' for event 'mail_get_insert'.
28.05.2007-19:08 - DEBUG - Registered the function 'update' in the plugin 'getmail_plugin' for event 'mail_get_update'.
28.05.2007-19:08 - DEBUG - Registered the function 'delete' in the plugin 'getmail_plugin' for event 'mail_get_delete'.
28.05.2007-19:08 - DEBUG - Raised TableHook for table mail_get
28.05.2007-19:08 - DEBUG - Raised event: mail_get_insert
28.05.2007-19:08 - DEBUG - bin da
28.05.2007-19:08 - DEBUG - Called function insert in plugin getmail_plugin raised by event mail_get_insert.
28.05.2007-19:08 - DEBUG - Called function 'process' in module 'mail_module' raised by TableHook 'mail_get'.
28.05.2007-19:08 - DEBUG - Found 1 changes, starting update process.
28.05.2007-19:08 - DEBUG - Loading Module: mail_module
28.05.2007-19:08 - DEBUG - Announced event: mail_domain_insert
28.05.2007-19:08 - DEBUG - Announced event: mail_domain_update
28.05.2007-19:08 - DEBUG - Announced event: mail_domain_delete
28.05.2007-19:08 - DEBUG - Announced event: mail_user_insert
28.05.2007-19:08 - DEBUG - Announced event: mail_user_update
28.05.2007-19:08 - DEBUG - Announced event: mail_user_delete
28.05.2007-19:08 - DEBUG - Announced event: mail_access_insert
28.05.2007-19:08 - DEBUG - Announced event: mail_access_update
28.05.2007-19:08 - DEBUG - Announced event: mail_access_delete
28.05.2007-19:08 - DEBUG - Announced event: mail_forwarding_insert
28.05.2007-19:08 - DEBUG - Announced event: mail_forwarding_update
28.05.2007-19:08 - DEBUG - Announced event: mail_forwarding_delete
28.05.2007-19:08 - DEBUG - Announced event: mail_transport_insert
28.05.2007-19:08 - DEBUG - Announced event: mail_transport_update
28.05.2007-19:08 - DEBUG - Announced event: mail_transport_delete
28.05.2007-19:08 - DEBUG - Announced event: mail_get_insert
28.05.2007-19:08 - DEBUG - Announced event: mail_get_update
28.05.2007-19:08 - DEBUG - Announced event: mail_get_delete
28.05.2007-19:08 - DEBUG - Registered TableHook 'mail_access' in module 'mail_module' for processing function 'process'
28.05.2007-19:08 - DEBUG - Registered TableHook 'mail_domain' in module 'mail_module' for processing function 'process'
28.05.2007-19:08 - DEBUG - Registered TableHook 'mail_forwarding' in module 'mail_module' for processing function 'process'
28.05.2007-19:08 - DEBUG - Registered TableHook 'mail_transport' in module 'mail_module' for processing function 'process'
28.05.2007-19:08 - DEBUG - Registered TableHook 'mail_user' in module 'mail_module' for processing function 'process'
28.05.2007-19:08 - DEBUG - Registered TableHook 'mail_get' in module 'mail_module' for processing function 'process'
28.05.2007-19:08 - DEBUG - Loading Plugin: getmail_plugin
28.05.2007-19:08 - DEBUG - Registered the function 'insert' in the plugin 'getmail_plugin' for event 'mail_get_insert'.
28.05.2007-19:08 - DEBUG - Registered the function 'update' in the plugin 'getmail_plugin' for event 'mail_get_update'.
28.05.2007-19:08 - DEBUG - Registered the function 'delete' in the plugin 'getmail_plugin' for event 'mail_get_delete'.
28.05.2007-19:08 - DEBUG - Raised TableHook for table mail_get
28.05.2007-19:08 - DEBUG - Raised event: mail_get_insert
28.05.2007-19:08 - DEBUG - bin da
28.05.2007-19:08 - DEBUG - Called function insert in plugin getmail_plugin raised by event mail_get_insert.
28.05.2007-19:08 - DEBUG - Called function 'process' in module 'mail_module' raised by TableHook 'mail_get'.
28.05.2007-19:09 - DEBUG - Found 1 changes, starting update process.
28.05.2007-19:09 - DEBUG - Loading Module: mail_module
28.05.2007-19:09 - DEBUG - Announced event: mail_domain_insert
28.05.2007-19:09 - DEBUG - Announced event: mail_domain_update
28.05.2007-19:09 - DEBUG - Announced event: mail_domain_delete
28.05.2007-19:09 - DEBUG - Announced event: mail_user_insert
28.05.2007-19:09 - DEBUG - Announced event: mail_user_update
28.05.2007-19:09 - DEBUG - Announced event: mail_user_delete
28.05.2007-19:09 - DEBUG - Announced event: mail_access_insert
28.05.2007-19:09 - DEBUG - Announced event: mail_access_update
28.05.2007-19:09 - DEBUG - Announced event: mail_access_delete
28.05.2007-19:09 - DEBUG - Announced event: mail_forwarding_insert
28.05.2007-19:09 - DEBUG - Announced event: mail_forwarding_update
28.05.2007-19:09 - DEBUG - Announced event: mail_forwarding_delete
28.05.2007-19:09 - DEBUG - Announced event: mail_transport_insert
28.05.2007-19:09 - DEBUG - Announced event: mail_transport_update
28.05.2007-19:09 - DEBUG - Announced event: mail_transport_delete
28.05.2007-19:09 - DEBUG - Announced event: mail_get_insert
28.05.2007-19:09 - DEBUG - Announced event: mail_get_update
28.05.2007-19:09 - DEBUG - Announced event: mail_get_delete
28.05.2007-19:09 - DEBUG - Registered TableHook 'mail_access' in module 'mail_module' for processing function 'process'
28.05.2007-19:09 - DEBUG - Registered TableHook 'mail_domain' in module 'mail_module' for processing function 'process'
28.05.2007-19:09 - DEBUG - Registered TableHook 'mail_forwarding' in module 'mail_module' for processing function 'process'
28.05.2007-19:09 - DEBUG - Registered TableHook 'mail_transport' in module 'mail_module' for processing function 'process'
28.05.2007-19:09 - DEBUG - Registered TableHook 'mail_user' in module 'mail_module' for processing function 'process'
28.05.2007-19:09 - DEBUG - Registered TableHook 'mail_get' in module 'mail_module' for processing function 'process'
28.05.2007-19:09 - DEBUG - Loading Plugin: getmail_plugin
28.05.2007-19:09 - DEBUG - Registered the function 'insert' in the plugin 'getmail_plugin' for event 'mail_get_insert'.
28.05.2007-19:09 - DEBUG - Registered the function 'update' in the plugin 'getmail_plugin' for event 'mail_get_update'.
28.05.2007-19:09 - DEBUG - Registered the function 'delete' in the plugin 'getmail_plugin' for event 'mail_get_delete'.
28.05.2007-19:09 - DEBUG - Raised TableHook for table: 'mail_get'
28.05.2007-19:09 - DEBUG - Raised event: 'mail_get_insert'
28.05.2007-19:09 - DEBUG - bin da
28.05.2007-19:09 - DEBUG - Called function insert in plugin getmail_plugin raised by event mail_get_insert.
28.05.2007-19:09 - DEBUG - Called function 'process' in module 'mail_module' raised by TableHook 'mail_get'.
28.05.2007-19:09 - DEBUG - Found 1 changes, starting update process.
28.05.2007-19:09 - DEBUG - Loading Module: mail_module
28.05.2007-19:09 - DEBUG - Announced event: mail_domain_insert
28.05.2007-19:09 - DEBUG - Announced event: mail_domain_update
28.05.2007-19:09 - DEBUG - Announced event: mail_domain_delete
28.05.2007-19:09 - DEBUG - Announced event: mail_user_insert
28.05.2007-19:09 - DEBUG - Announced event: mail_user_update
28.05.2007-19:09 - DEBUG - Announced event: mail_user_delete
28.05.2007-19:09 - DEBUG - Announced event: mail_access_insert
28.05.2007-19:09 - DEBUG - Announced event: mail_access_update
28.05.2007-19:09 - DEBUG - Announced event: mail_access_delete
28.05.2007-19:09 - DEBUG - Announced event: mail_forwarding_insert
28.05.2007-19:09 - DEBUG - Announced event: mail_forwarding_update
28.05.2007-19:09 - DEBUG - Announced event: mail_forwarding_delete
28.05.2007-19:09 - DEBUG - Announced event: mail_transport_insert
28.05.2007-19:09 - DEBUG - Announced event: mail_transport_update
28.05.2007-19:09 - DEBUG - Announced event: mail_transport_delete
28.05.2007-19:09 - DEBUG - Announced event: mail_get_insert
28.05.2007-19:09 - DEBUG - Announced event: mail_get_update
28.05.2007-19:09 - DEBUG - Announced event: mail_get_delete
28.05.2007-19:09 - DEBUG - Registered TableHook 'mail_access' in module 'mail_module' for processing function 'process'
28.05.2007-19:09 - DEBUG - Registered TableHook 'mail_domain' in module 'mail_module' for processing function 'process'
28.05.2007-19:09 - DEBUG - Registered TableHook 'mail_forwarding' in module 'mail_module' for processing function 'process'
28.05.2007-19:09 - DEBUG - Registered TableHook 'mail_transport' in module 'mail_module' for processing function 'process'
28.05.2007-19:09 - DEBUG - Registered TableHook 'mail_user' in module 'mail_module' for processing function 'process'
28.05.2007-19:09 - DEBUG - Registered TableHook 'mail_get' in module 'mail_module' for processing function 'process'
28.05.2007-19:09 - DEBUG - Loading Plugin: getmail_plugin
28.05.2007-19:09 - DEBUG - Registered the function 'insert' in the plugin 'getmail_plugin' for event 'mail_get_insert'.
28.05.2007-19:09 - DEBUG - Registered the function 'update' in the plugin 'getmail_plugin' for event 'mail_get_update'.
28.05.2007-19:09 - DEBUG - Registered the function 'delete' in the plugin 'getmail_plugin' for event 'mail_get_delete'.
28.05.2007-19:09 - DEBUG - Raised TableHook for table: 'mail_get'
28.05.2007-19:09 - DEBUG - Raised event: 'mail_get_insert'
28.05.2007-19:09 - DEBUG - bin da
28.05.2007-19:09 - DEBUG - Called function insert in plugin getmail_plugin raised by event mail_get_insert.
28.05.2007-19:09 - DEBUG - Called function 'process' in module 'mail_module' raised by TableHook 'mail_get'.
28.05.2007-19:09 - DEBUG - Found 1 changes, starting update process.
28.05.2007-19:09 - DEBUG - Loading Module: mail_module
28.05.2007-19:09 - DEBUG - Announced event: mail_domain_insert
28.05.2007-19:09 - DEBUG - Announced event: mail_domain_update
28.05.2007-19:09 - DEBUG - Announced event: mail_domain_delete
28.05.2007-19:09 - DEBUG - Announced event: mail_user_insert
28.05.2007-19:09 - DEBUG - Announced event: mail_user_update
28.05.2007-19:09 - DEBUG - Announced event: mail_user_delete
28.05.2007-19:09 - DEBUG - Announced event: mail_access_insert
28.05.2007-19:09 - DEBUG - Announced event: mail_access_update
28.05.2007-19:09 - DEBUG - Announced event: mail_access_delete
28.05.2007-19:09 - DEBUG - Announced event: mail_forwarding_insert
28.05.2007-19:09 - DEBUG - Announced event: mail_forwarding_update
28.05.2007-19:09 - DEBUG - Announced event: mail_forwarding_delete
28.05.2007-19:09 - DEBUG - Announced event: mail_transport_insert
28.05.2007-19:09 - DEBUG - Announced event: mail_transport_update
28.05.2007-19:09 - DEBUG - Announced event: mail_transport_delete
28.05.2007-19:09 - DEBUG - Announced event: mail_get_insert
28.05.2007-19:09 - DEBUG - Announced event: mail_get_update
28.05.2007-19:09 - DEBUG - Announced event: mail_get_delete
28.05.2007-19:09 - DEBUG - Registered TableHook 'mail_access' in module 'mail_module' for processing function 'process'
28.05.2007-19:09 - DEBUG - Registered TableHook 'mail_domain' in module 'mail_module' for processing function 'process'
28.05.2007-19:09 - DEBUG - Registered TableHook 'mail_forwarding' in module 'mail_module' for processing function 'process'
28.05.2007-19:09 - DEBUG - Registered TableHook 'mail_transport' in module 'mail_module' for processing function 'process'
28.05.2007-19:09 - DEBUG - Registered TableHook 'mail_user' in module 'mail_module' for processing function 'process'
28.05.2007-19:09 - DEBUG - Registered TableHook 'mail_get' in module 'mail_module' for processing function 'process'
28.05.2007-19:09 - DEBUG - Loading Plugin: getmail_plugin
28.05.2007-19:09 - DEBUG - Registered the function 'insert' in the plugin 'getmail_plugin' for event 'mail_get_insert'.
28.05.2007-19:09 - DEBUG - Registered the function 'update' in the plugin 'getmail_plugin' for event 'mail_get_update'.
28.05.2007-19:09 - DEBUG - Registered the function 'delete' in the plugin 'getmail_plugin' for event 'mail_get_delete'.
28.05.2007-19:09 - DEBUG - Raised TableHook for table: 'mail_get'
28.05.2007-19:09 - DEBUG - Raised event: 'mail_get_insert'
28.05.2007-19:09 - DEBUG - bin da
28.05.2007-19:09 - DEBUG - Called function insert in plugin getmail_plugin raised by event mail_get_insert.
28.05.2007-19:09 - DEBUG - Called function 'process' in module 'mail_module' raised by TableHook 'mail_get'.
28.05.2007-19:10 - DEBUG - Found 1 changes, starting update process.
28.05.2007-19:10 - DEBUG - Loading Module: mail_module
28.05.2007-19:10 - DEBUG - Announced event: mail_domain_insert
28.05.2007-19:10 - DEBUG - Announced event: mail_domain_update
28.05.2007-19:10 - DEBUG - Announced event: mail_domain_delete
28.05.2007-19:10 - DEBUG - Announced event: mail_user_insert
28.05.2007-19:10 - DEBUG - Announced event: mail_user_update
28.05.2007-19:10 - DEBUG - Announced event: mail_user_delete
28.05.2007-19:10 - DEBUG - Announced event: mail_access_insert
28.05.2007-19:10 - DEBUG - Announced event: mail_access_update
28.05.2007-19:10 - DEBUG - Announced event: mail_access_delete
28.05.2007-19:10 - DEBUG - Announced event: mail_forwarding_insert
28.05.2007-19:10 - DEBUG - Announced event: mail_forwarding_update
28.05.2007-19:10 - DEBUG - Announced event: mail_forwarding_delete
28.05.2007-19:10 - DEBUG - Announced event: mail_transport_insert
28.05.2007-19:10 - DEBUG - Announced event: mail_transport_update
28.05.2007-19:10 - DEBUG - Announced event: mail_transport_delete
28.05.2007-19:10 - DEBUG - Announced event: mail_get_insert
28.05.2007-19:10 - DEBUG - Announced event: mail_get_update
28.05.2007-19:10 - DEBUG - Announced event: mail_get_delete
28.05.2007-19:10 - DEBUG - Registered TableHook 'mail_access' in module 'mail_module' for processing function 'process'
28.05.2007-19:10 - DEBUG - Registered TableHook 'mail_domain' in module 'mail_module' for processing function 'process'
28.05.2007-19:10 - DEBUG - Registered TableHook 'mail_forwarding' in module 'mail_module' for processing function 'process'
28.05.2007-19:10 - DEBUG - Registered TableHook 'mail_transport' in module 'mail_module' for processing function 'process'
28.05.2007-19:10 - DEBUG - Registered TableHook 'mail_user' in module 'mail_module' for processing function 'process'
28.05.2007-19:10 - DEBUG - Registered TableHook 'mail_get' in module 'mail_module' for processing function 'process'
28.05.2007-19:10 - DEBUG - Loading Plugin: getmail_plugin
28.05.2007-19:10 - DEBUG - Registered the function 'insert' in the plugin 'getmail_plugin' for event 'mail_get_insert'.
28.05.2007-19:10 - DEBUG - Registered the function 'update' in the plugin 'getmail_plugin' for event 'mail_get_update'.
28.05.2007-19:10 - DEBUG - Registered the function 'delete' in the plugin 'getmail_plugin' for event 'mail_get_delete'.
28.05.2007-19:10 - DEBUG - Raised TableHook for table: 'mail_get'
28.05.2007-19:10 - DEBUG - Raised event: 'mail_get_insert'
28.05.2007-19:10 - DEBUG - bin da
28.05.2007-19:10 - DEBUG - Called function 'insert' in plugin 'getmail_plugin' raised by event 'mail_get_insert'.
28.05.2007-19:10 - DEBUG - Called function 'process' in module 'mail_module' raised by TableHook 'mail_get'.
28.05.2007-19:11 - DEBUG - Found 1 changes, starting update process.
28.05.2007-19:11 - DEBUG - Loading Module: mail_module
28.05.2007-19:11 - DEBUG - Announced event: mail_domain_insert
28.05.2007-19:11 - DEBUG - Announced event: mail_domain_update
28.05.2007-19:11 - DEBUG - Announced event: mail_domain_delete
28.05.2007-19:11 - DEBUG - Announced event: mail_user_insert
28.05.2007-19:11 - DEBUG - Announced event: mail_user_update
28.05.2007-19:11 - DEBUG - Announced event: mail_user_delete
28.05.2007-19:11 - DEBUG - Announced event: mail_access_insert
28.05.2007-19:11 - DEBUG - Announced event: mail_access_update
28.05.2007-19:11 - DEBUG - Announced event: mail_access_delete
28.05.2007-19:11 - DEBUG - Announced event: mail_forwarding_insert
28.05.2007-19:11 - DEBUG - Announced event: mail_forwarding_update
28.05.2007-19:11 - DEBUG - Announced event: mail_forwarding_delete
28.05.2007-19:11 - DEBUG - Announced event: mail_transport_insert
28.05.2007-19:11 - DEBUG - Announced event: mail_transport_update
28.05.2007-19:11 - DEBUG - Announced event: mail_transport_delete
28.05.2007-19:11 - DEBUG - Announced event: mail_get_insert
28.05.2007-19:11 - DEBUG - Announced event: mail_get_update
28.05.2007-19:11 - DEBUG - Announced event: mail_get_delete
28.05.2007-19:11 - DEBUG - Registered TableHook 'mail_access' in module 'mail_module' for processing function 'process'
28.05.2007-19:11 - DEBUG - Registered TableHook 'mail_domain' in module 'mail_module' for processing function 'process'
28.05.2007-19:11 - DEBUG - Registered TableHook 'mail_forwarding' in module 'mail_module' for processing function 'process'
28.05.2007-19:11 - DEBUG - Registered TableHook 'mail_transport' in module 'mail_module' for processing function 'process'
28.05.2007-19:11 - DEBUG - Registered TableHook 'mail_user' in module 'mail_module' for processing function 'process'
28.05.2007-19:11 - DEBUG - Registered TableHook 'mail_get' in module 'mail_module' for processing function 'process'
28.05.2007-19:11 - DEBUG - Loading Plugin: getmail_plugin
28.05.2007-19:11 - DEBUG - Registered the function 'insert' in the plugin 'getmail_plugin' for event 'mail_get_insert'.
28.05.2007-19:11 - DEBUG - Registered the function 'update' in the plugin 'getmail_plugin' for event 'mail_get_update'.
28.05.2007-19:11 - DEBUG - Registered the function 'delete' in the plugin 'getmail_plugin' for event 'mail_get_delete'.
28.05.2007-19:11 - DEBUG - Raised TableHook for table: 'mail_get'
28.05.2007-19:11 - DEBUG - Call function 'process' in module 'mail_module' raised by TableHook 'mail_get'.
28.05.2007-19:11 - DEBUG - Raised event: 'mail_get_insert'
28.05.2007-19:11 - DEBUG - Call function 'insert' in plugin 'getmail_plugin' raised by event 'mail_get_insert'.
28.05.2007-19:11 - DEBUG - bin da
28.05.2007-19:12 - DEBUG - Found 1 changes, starting update process.
28.05.2007-19:12 - DEBUG - Loading Module: mail_module
28.05.2007-19:12 - DEBUG - Announced event: mail_domain_insert
28.05.2007-19:12 - DEBUG - Announced event: mail_domain_update
28.05.2007-19:12 - DEBUG - Announced event: mail_domain_delete
28.05.2007-19:12 - DEBUG - Announced event: mail_user_insert
28.05.2007-19:12 - DEBUG - Announced event: mail_user_update
28.05.2007-19:12 - DEBUG - Announced event: mail_user_delete
28.05.2007-19:12 - DEBUG - Announced event: mail_access_insert
28.05.2007-19:12 - DEBUG - Announced event: mail_access_update
28.05.2007-19:12 - DEBUG - Announced event: mail_access_delete
28.05.2007-19:12 - DEBUG - Announced event: mail_forwarding_insert
28.05.2007-19:12 - DEBUG - Announced event: mail_forwarding_update
28.05.2007-19:12 - DEBUG - Announced event: mail_forwarding_delete
28.05.2007-19:12 - DEBUG - Announced event: mail_transport_insert
28.05.2007-19:12 - DEBUG - Announced event: mail_transport_update
28.05.2007-19:12 - DEBUG - Announced event: mail_transport_delete
28.05.2007-19:12 - DEBUG - Announced event: mail_get_insert
28.05.2007-19:12 - DEBUG - Announced event: mail_get_update
28.05.2007-19:12 - DEBUG - Announced event: mail_get_delete
28.05.2007-19:12 - DEBUG - Registered TableHook 'mail_access' in module 'mail_module' for processing function 'process'
28.05.2007-19:12 - DEBUG - Registered TableHook 'mail_domain' in module 'mail_module' for processing function 'process'
28.05.2007-19:12 - DEBUG - Registered TableHook 'mail_forwarding' in module 'mail_module' for processing function 'process'
28.05.2007-19:12 - DEBUG - Registered TableHook 'mail_transport' in module 'mail_module' for processing function 'process'
28.05.2007-19:12 - DEBUG - Registered TableHook 'mail_user' in module 'mail_module' for processing function 'process'
28.05.2007-19:12 - DEBUG - Registered TableHook 'mail_get' in module 'mail_module' for processing function 'process'
28.05.2007-19:12 - DEBUG - Loading Plugin: getmail_plugin
28.05.2007-19:12 - DEBUG - Registered the function 'insert' in the plugin 'getmail_plugin' for event 'mail_get_insert'.
28.05.2007-19:12 - DEBUG - Registered the function 'update' in the plugin 'getmail_plugin' for event 'mail_get_update'.
28.05.2007-19:12 - DEBUG - Registered the function 'delete' in the plugin 'getmail_plugin' for event 'mail_get_delete'.
28.05.2007-19:12 - DEBUG - Raised TableHook for table: 'mail_get'
28.05.2007-19:12 - DEBUG - Call function 'process' in module 'mail_module' raised by TableHook 'mail_get'.
28.05.2007-19:12 - DEBUG - Raised event: 'mail_get_insert'
28.05.2007-19:12 - DEBUG - Call function 'insert' in plugin 'getmail_plugin' raised by event 'mail_get_insert'.
28.05.2007-20:02 - DEBUG - Found 1 changes, starting update process.
28.05.2007-20:02 - DEBUG - Loading Module: mail_module
28.05.2007-20:02 - DEBUG - Announced event: mail_domain_insert
28.05.2007-20:02 - DEBUG - Announced event: mail_domain_update
28.05.2007-20:02 - DEBUG - Announced event: mail_domain_delete
28.05.2007-20:02 - DEBUG - Announced event: mail_user_insert
28.05.2007-20:02 - DEBUG - Announced event: mail_user_update
28.05.2007-20:02 - DEBUG - Announced event: mail_user_delete
28.05.2007-20:02 - DEBUG - Announced event: mail_access_insert
28.05.2007-20:02 - DEBUG - Announced event: mail_access_update
28.05.2007-20:02 - DEBUG - Announced event: mail_access_delete
28.05.2007-20:02 - DEBUG - Announced event: mail_forwarding_insert
28.05.2007-20:02 - DEBUG - Announced event: mail_forwarding_update
28.05.2007-20:02 - DEBUG - Announced event: mail_forwarding_delete
28.05.2007-20:02 - DEBUG - Announced event: mail_transport_insert
28.05.2007-20:02 - DEBUG - Announced event: mail_transport_update
28.05.2007-20:02 - DEBUG - Announced event: mail_transport_delete
28.05.2007-20:02 - DEBUG - Announced event: mail_get_insert
28.05.2007-20:02 - DEBUG - Announced event: mail_get_update
28.05.2007-20:02 - DEBUG - Announced event: mail_get_delete
28.05.2007-20:02 - DEBUG - Registered TableHook 'mail_access' in module 'mail_module' for processing function 'process'
28.05.2007-20:02 - DEBUG - Registered TableHook 'mail_domain' in module 'mail_module' for processing function 'process'
28.05.2007-20:02 - DEBUG - Registered TableHook 'mail_forwarding' in module 'mail_module' for processing function 'process'
28.05.2007-20:02 - DEBUG - Registered TableHook 'mail_transport' in module 'mail_module' for processing function 'process'
28.05.2007-20:02 - DEBUG - Registered TableHook 'mail_user' in module 'mail_module' for processing function 'process'
28.05.2007-20:02 - DEBUG - Registered TableHook 'mail_get' in module 'mail_module' for processing function 'process'
28.05.2007-20:04 - DEBUG - Found 1 changes, starting update process.
28.05.2007-20:04 - DEBUG - Loading Module: mail_module
28.05.2007-20:04 - DEBUG - Announced event: mail_domain_insert
28.05.2007-20:04 - DEBUG - Announced event: mail_domain_update
28.05.2007-20:04 - DEBUG - Announced event: mail_domain_delete
28.05.2007-20:04 - DEBUG - Announced event: mail_user_insert
28.05.2007-20:04 - DEBUG - Announced event: mail_user_update
28.05.2007-20:04 - DEBUG - Announced event: mail_user_delete
28.05.2007-20:04 - DEBUG - Announced event: mail_access_insert
28.05.2007-20:04 - DEBUG - Announced event: mail_access_update
28.05.2007-20:04 - DEBUG - Announced event: mail_access_delete
28.05.2007-20:04 - DEBUG - Announced event: mail_forwarding_insert
28.05.2007-20:04 - DEBUG - Announced event: mail_forwarding_update
28.05.2007-20:04 - DEBUG - Announced event: mail_forwarding_delete
28.05.2007-20:04 - DEBUG - Announced event: mail_transport_insert
28.05.2007-20:04 - DEBUG - Announced event: mail_transport_update
28.05.2007-20:04 - DEBUG - Announced event: mail_transport_delete
28.05.2007-20:04 - DEBUG - Announced event: mail_get_insert
28.05.2007-20:04 - DEBUG - Announced event: mail_get_update
28.05.2007-20:04 - DEBUG - Announced event: mail_get_delete
28.05.2007-20:04 - DEBUG - Registered TableHook 'mail_access' in module 'mail_module' for processing function 'process'
28.05.2007-20:04 - DEBUG - Registered TableHook 'mail_domain' in module 'mail_module' for processing function 'process'
28.05.2007-20:04 - DEBUG - Registered TableHook 'mail_forwarding' in module 'mail_module' for processing function 'process'
28.05.2007-20:04 - DEBUG - Registered TableHook 'mail_transport' in module 'mail_module' for processing function 'process'
28.05.2007-20:04 - DEBUG - Registered TableHook 'mail_user' in module 'mail_module' for processing function 'process'
28.05.2007-20:04 - DEBUG - Registered TableHook 'mail_get' in module 'mail_module' for processing function 'process'
28.05.2007-20:04 - DEBUG - Found 1 changes, starting update process.
28.05.2007-20:04 - DEBUG - Loading Module: mail_module
28.05.2007-20:04 - DEBUG - Announced event: mail_domain_insert
28.05.2007-20:04 - DEBUG - Announced event: mail_domain_update
28.05.2007-20:04 - DEBUG - Announced event: mail_domain_delete
28.05.2007-20:04 - DEBUG - Announced event: mail_user_insert
28.05.2007-20:04 - DEBUG - Announced event: mail_user_update
28.05.2007-20:04 - DEBUG - Announced event: mail_user_delete
28.05.2007-20:04 - DEBUG - Announced event: mail_access_insert
28.05.2007-20:04 - DEBUG - Announced event: mail_access_update
28.05.2007-20:04 - DEBUG - Announced event: mail_access_delete
28.05.2007-20:04 - DEBUG - Announced event: mail_forwarding_insert
28.05.2007-20:04 - DEBUG - Announced event: mail_forwarding_update
28.05.2007-20:04 - DEBUG - Announced event: mail_forwarding_delete
28.05.2007-20:04 - DEBUG - Announced event: mail_transport_insert
28.05.2007-20:04 - DEBUG - Announced event: mail_transport_update
28.05.2007-20:04 - DEBUG - Announced event: mail_transport_delete
28.05.2007-20:04 - DEBUG - Announced event: mail_get_insert
28.05.2007-20:04 - DEBUG - Announced event: mail_get_update
28.05.2007-20:04 - DEBUG - Announced event: mail_get_delete
28.05.2007-20:04 - DEBUG - Registered TableHook 'mail_access' in module 'mail_module' for processing function 'process'
28.05.2007-20:04 - DEBUG - Registered TableHook 'mail_domain' in module 'mail_module' for processing function 'process'
28.05.2007-20:04 - DEBUG - Registered TableHook 'mail_forwarding' in module 'mail_module' for processing function 'process'
28.05.2007-20:04 - DEBUG - Registered TableHook 'mail_transport' in module 'mail_module' for processing function 'process'
28.05.2007-20:04 - DEBUG - Registered TableHook 'mail_user' in module 'mail_module' for processing function 'process'
28.05.2007-20:04 - DEBUG - Registered TableHook 'mail_get' in module 'mail_module' for processing function 'process'
28.05.2007-20:05 - DEBUG - Found 1 changes, starting update process.
28.05.2007-20:05 - DEBUG - Loading Module: mail_module
28.05.2007-20:05 - DEBUG - Announced event: mail_domain_insert
28.05.2007-20:05 - DEBUG - Announced event: mail_domain_update
28.05.2007-20:05 - DEBUG - Announced event: mail_domain_delete
28.05.2007-20:05 - DEBUG - Announced event: mail_user_insert
28.05.2007-20:05 - DEBUG - Announced event: mail_user_update
28.05.2007-20:05 - DEBUG - Announced event: mail_user_delete
28.05.2007-20:05 - DEBUG - Announced event: mail_access_insert
28.05.2007-20:05 - DEBUG - Announced event: mail_access_update
28.05.2007-20:05 - DEBUG - Announced event: mail_access_delete
28.05.2007-20:05 - DEBUG - Announced event: mail_forwarding_insert
28.05.2007-20:05 - DEBUG - Announced event: mail_forwarding_update
28.05.2007-20:05 - DEBUG - Announced event: mail_forwarding_delete
28.05.2007-20:05 - DEBUG - Announced event: mail_transport_insert
28.05.2007-20:05 - DEBUG - Announced event: mail_transport_update
28.05.2007-20:05 - DEBUG - Announced event: mail_transport_delete
28.05.2007-20:05 - DEBUG - Announced event: mail_get_insert
28.05.2007-20:05 - DEBUG - Announced event: mail_get_update
28.05.2007-20:05 - DEBUG - Announced event: mail_get_delete
28.05.2007-20:05 - DEBUG - Registered TableHook 'mail_access' in module 'mail_module' for processing function 'process'
28.05.2007-20:05 - DEBUG - Registered TableHook 'mail_domain' in module 'mail_module' for processing function 'process'
28.05.2007-20:05 - DEBUG - Registered TableHook 'mail_forwarding' in module 'mail_module' for processing function 'process'
28.05.2007-20:05 - DEBUG - Registered TableHook 'mail_transport' in module 'mail_module' for processing function 'process'
28.05.2007-20:05 - DEBUG - Registered TableHook 'mail_user' in module 'mail_module' for processing function 'process'
28.05.2007-20:05 - DEBUG - Registered TableHook 'mail_get' in module 'mail_module' for processing function 'process'
28.05.2007-20:05 - DEBUG - Found 1 changes, starting update process.
28.05.2007-20:05 - DEBUG - Loading Module: mail_module
28.05.2007-20:05 - DEBUG - Announced event: mail_domain_insert
28.05.2007-20:05 - DEBUG - Announced event: mail_domain_update
28.05.2007-20:05 - DEBUG - Announced event: mail_domain_delete
28.05.2007-20:05 - DEBUG - Announced event: mail_user_insert
28.05.2007-20:05 - DEBUG - Announced event: mail_user_update
28.05.2007-20:05 - DEBUG - Announced event: mail_user_delete
28.05.2007-20:05 - DEBUG - Announced event: mail_access_insert
28.05.2007-20:05 - DEBUG - Announced event: mail_access_update
28.05.2007-20:05 - DEBUG - Announced event: mail_access_delete
28.05.2007-20:05 - DEBUG - Announced event: mail_forwarding_insert
28.05.2007-20:05 - DEBUG - Announced event: mail_forwarding_update
28.05.2007-20:05 - DEBUG - Announced event: mail_forwarding_delete
28.05.2007-20:05 - DEBUG - Announced event: mail_transport_insert
28.05.2007-20:05 - DEBUG - Announced event: mail_transport_update
28.05.2007-20:05 - DEBUG - Announced event: mail_transport_delete
28.05.2007-20:05 - DEBUG - Announced event: mail_get_insert
28.05.2007-20:05 - DEBUG - Announced event: mail_get_update
28.05.2007-20:05 - DEBUG - Announced event: mail_get_delete
28.05.2007-20:05 - DEBUG - Registered TableHook 'mail_access' in module 'mail_module' for processing function 'process'
28.05.2007-20:05 - DEBUG - Registered TableHook 'mail_domain' in module 'mail_module' for processing function 'process'
28.05.2007-20:05 - DEBUG - Registered TableHook 'mail_forwarding' in module 'mail_module' for processing function 'process'
28.05.2007-20:05 - DEBUG - Registered TableHook 'mail_transport' in module 'mail_module' for processing function 'process'
28.05.2007-20:05 - DEBUG - Registered TableHook 'mail_user' in module 'mail_module' for processing function 'process'
28.05.2007-20:05 - DEBUG - Registered TableHook 'mail_get' in module 'mail_module' for processing function 'process'
28.05.2007-20:05 - DEBUG - Found 1 changes, starting update process.
28.05.2007-20:05 - DEBUG - Loading Module: mail_module
28.05.2007-20:05 - DEBUG - Announced event: mail_domain_insert
28.05.2007-20:05 - DEBUG - Announced event: mail_domain_update
28.05.2007-20:05 - DEBUG - Announced event: mail_domain_delete
28.05.2007-20:05 - DEBUG - Announced event: mail_user_insert
28.05.2007-20:05 - DEBUG - Announced event: mail_user_update
28.05.2007-20:05 - DEBUG - Announced event: mail_user_delete
28.05.2007-20:05 - DEBUG - Announced event: mail_access_insert
28.05.2007-20:05 - DEBUG - Announced event: mail_access_update
28.05.2007-20:05 - DEBUG - Announced event: mail_access_delete
28.05.2007-20:05 - DEBUG - Announced event: mail_forwarding_insert
28.05.2007-20:05 - DEBUG - Announced event: mail_forwarding_update
28.05.2007-20:05 - DEBUG - Announced event: mail_forwarding_delete
28.05.2007-20:05 - DEBUG - Announced event: mail_transport_insert
28.05.2007-20:05 - DEBUG - Announced event: mail_transport_update
28.05.2007-20:05 - DEBUG - Announced event: mail_transport_delete
28.05.2007-20:05 - DEBUG - Announced event: mail_get_insert
28.05.2007-20:05 - DEBUG - Announced event: mail_get_update
28.05.2007-20:05 - DEBUG - Announced event: mail_get_delete
28.05.2007-20:05 - DEBUG - Registered TableHook 'mail_access' in module 'mail_module' for processing function 'process'
28.05.2007-20:05 - DEBUG - Registered TableHook 'mail_domain' in module 'mail_module' for processing function 'process'
28.05.2007-20:05 - DEBUG - Registered TableHook 'mail_forwarding' in module 'mail_module' for processing function 'process'
28.05.2007-20:05 - DEBUG - Registered TableHook 'mail_transport' in module 'mail_module' for processing function 'process'
28.05.2007-20:05 - DEBUG - Registered TableHook 'mail_user' in module 'mail_module' for processing function 'process'
28.05.2007-20:05 - DEBUG - Registered TableHook 'mail_get' in module 'mail_module' for processing function 'process'
28.05.2007-20:06 - DEBUG - Found 1 changes, starting update process.
28.05.2007-20:06 - DEBUG - Loading Module: mail_module
28.05.2007-20:06 - DEBUG - Announced event: mail_domain_insert
28.05.2007-20:06 - DEBUG - Announced event: mail_domain_update
28.05.2007-20:06 - DEBUG - Announced event: mail_domain_delete
28.05.2007-20:06 - DEBUG - Announced event: mail_user_insert
28.05.2007-20:06 - DEBUG - Announced event: mail_user_update
28.05.2007-20:06 - DEBUG - Announced event: mail_user_delete
28.05.2007-20:06 - DEBUG - Announced event: mail_access_insert
28.05.2007-20:06 - DEBUG - Announced event: mail_access_update
28.05.2007-20:06 - DEBUG - Announced event: mail_access_delete
28.05.2007-20:06 - DEBUG - Announced event: mail_forwarding_insert
28.05.2007-20:06 - DEBUG - Announced event: mail_forwarding_update
28.05.2007-20:06 - DEBUG - Announced event: mail_forwarding_delete
28.05.2007-20:06 - DEBUG - Announced event: mail_transport_insert
28.05.2007-20:06 - DEBUG - Announced event: mail_transport_update
28.05.2007-20:06 - DEBUG - Announced event: mail_transport_delete
28.05.2007-20:06 - DEBUG - Announced event: mail_get_insert
28.05.2007-20:06 - DEBUG - Announced event: mail_get_update
28.05.2007-20:06 - DEBUG - Announced event: mail_get_delete
28.05.2007-20:06 - DEBUG - Registered TableHook 'mail_access' in module 'mail_module' for processing function 'process'
28.05.2007-20:06 - DEBUG - Registered TableHook 'mail_domain' in module 'mail_module' for processing function 'process'
28.05.2007-20:06 - DEBUG - Registered TableHook 'mail_forwarding' in module 'mail_module' for processing function 'process'
28.05.2007-20:06 - DEBUG - Registered TableHook 'mail_transport' in module 'mail_module' for processing function 'process'
28.05.2007-20:06 - DEBUG - Registered TableHook 'mail_user' in module 'mail_module' for processing function 'process'
28.05.2007-20:06 - DEBUG - Registered TableHook 'mail_get' in module 'mail_module' for processing function 'process'
28.05.2007-20:06 - DEBUG - Loading Plugin: getmail_plugin
28.05.2007-20:06 - DEBUG - Registered the function 'insert' in the plugin 'getmail_plugin' for event 'mail_get_insert'.
28.05.2007-20:06 - DEBUG - Registered the function 'update' in the plugin 'getmail_plugin' for event 'mail_get_update'.
28.05.2007-20:06 - DEBUG - Registered the function 'delete' in the plugin 'getmail_plugin' for event 'mail_get_delete'.
28.05.2007-20:06 - DEBUG - Raised TableHook for table: 'mail_get'
28.05.2007-20:06 - DEBUG - Call function 'process' in module 'mail_module' raised by TableHook 'mail_get'.
28.05.2007-20:06 - DEBUG - Raised event: 'mail_get_insert'
28.05.2007-20:06 - DEBUG - Call function 'insert' in plugin 'getmail_plugin' raised by event 'mail_get_insert'.
28.05.2007-20:06 - ERROR - Getmail config directory '/etc/getmail' does not exist.
28.05.2007-20:08 - DEBUG - Found 1 changes, starting update process.
28.05.2007-20:08 - DEBUG - Loading Module: mail_module
28.05.2007-20:08 - DEBUG - Announced event: mail_domain_insert
28.05.2007-20:08 - DEBUG - Announced event: mail_domain_update
28.05.2007-20:08 - DEBUG - Announced event: mail_domain_delete
28.05.2007-20:08 - DEBUG - Announced event: mail_user_insert
28.05.2007-20:08 - DEBUG - Announced event: mail_user_update
28.05.2007-20:08 - DEBUG - Announced event: mail_user_delete
28.05.2007-20:08 - DEBUG - Announced event: mail_access_insert
28.05.2007-20:08 - DEBUG - Announced event: mail_access_update
28.05.2007-20:08 - DEBUG - Announced event: mail_access_delete
28.05.2007-20:08 - DEBUG - Announced event: mail_forwarding_insert
28.05.2007-20:08 - DEBUG - Announced event: mail_forwarding_update
28.05.2007-20:08 - DEBUG - Announced event: mail_forwarding_delete
28.05.2007-20:08 - DEBUG - Announced event: mail_transport_insert
28.05.2007-20:08 - DEBUG - Announced event: mail_transport_update
28.05.2007-20:08 - DEBUG - Announced event: mail_transport_delete
28.05.2007-20:08 - DEBUG - Announced event: mail_get_insert
28.05.2007-20:08 - DEBUG - Announced event: mail_get_update
28.05.2007-20:08 - DEBUG - Announced event: mail_get_delete
28.05.2007-20:08 - DEBUG - Registered TableHook 'mail_access' in module 'mail_module' for processing function 'process'
28.05.2007-20:08 - DEBUG - Registered TableHook 'mail_domain' in module 'mail_module' for processing function 'process'
28.05.2007-20:08 - DEBUG - Registered TableHook 'mail_forwarding' in module 'mail_module' for processing function 'process'
28.05.2007-20:08 - DEBUG - Registered TableHook 'mail_transport' in module 'mail_module' for processing function 'process'
28.05.2007-20:08 - DEBUG - Registered TableHook 'mail_user' in module 'mail_module' for processing function 'process'
28.05.2007-20:08 - DEBUG - Registered TableHook 'mail_get' in module 'mail_module' for processing function 'process'
28.05.2007-20:08 - DEBUG - Loading Plugin: getmail_plugin
28.05.2007-20:08 - DEBUG - Registered the function 'insert' in the plugin 'getmail_plugin' for event 'mail_get_insert'.
28.05.2007-20:08 - DEBUG - Registered the function 'update' in the plugin 'getmail_plugin' for event 'mail_get_update'.
28.05.2007-20:08 - DEBUG - Registered the function 'delete' in the plugin 'getmail_plugin' for event 'mail_get_delete'.
28.05.2007-20:08 - DEBUG - Raised TableHook for table: 'mail_get'
28.05.2007-20:08 - DEBUG - Call function 'process' in module 'mail_module' raised by TableHook 'mail_get'.
28.05.2007-20:08 - DEBUG - Raised event: 'mail_get_insert'
28.05.2007-20:08 - DEBUG - Call function 'insert' in plugin 'getmail_plugin' raised by event 'mail_get_insert'.
28.05.2007-20:08 - ERROR - Getmail config directory '/etc/getmail' does not exist.
28.05.2007-23:50 - DEBUG - Found 1 changes, starting update process.
28.05.2007-23:50 - DEBUG - Loading Module: mail_module
28.05.2007-23:50 - DEBUG - Announced event: mail_domain_insert
28.05.2007-23:50 - DEBUG - Announced event: mail_domain_update
28.05.2007-23:50 - DEBUG - Announced event: mail_domain_delete
28.05.2007-23:50 - DEBUG - Announced event: mail_user_insert
28.05.2007-23:50 - DEBUG - Announced event: mail_user_update
28.05.2007-23:50 - DEBUG - Announced event: mail_user_delete
28.05.2007-23:50 - DEBUG - Announced event: mail_access_insert
28.05.2007-23:50 - DEBUG - Announced event: mail_access_update
28.05.2007-23:50 - DEBUG - Announced event: mail_access_delete
28.05.2007-23:50 - DEBUG - Announced event: mail_forwarding_insert
28.05.2007-23:50 - DEBUG - Announced event: mail_forwarding_update
28.05.2007-23:50 - DEBUG - Announced event: mail_forwarding_delete
28.05.2007-23:50 - DEBUG - Announced event: mail_transport_insert
28.05.2007-23:50 - DEBUG - Announced event: mail_transport_update
28.05.2007-23:50 - DEBUG - Announced event: mail_transport_delete
28.05.2007-23:50 - DEBUG - Announced event: mail_get_insert
28.05.2007-23:50 - DEBUG - Announced event: mail_get_update
28.05.2007-23:50 - DEBUG - Announced event: mail_get_delete
28.05.2007-23:50 - DEBUG - Registered TableHook 'mail_access' in module 'mail_module' for processing function 'process'
28.05.2007-23:50 - DEBUG - Registered TableHook 'mail_domain' in module 'mail_module' for processing function 'process'
28.05.2007-23:50 - DEBUG - Registered TableHook 'mail_forwarding' in module 'mail_module' for processing function 'process'
28.05.2007-23:50 - DEBUG - Registered TableHook 'mail_transport' in module 'mail_module' for processing function 'process'
28.05.2007-23:50 - DEBUG - Registered TableHook 'mail_user' in module 'mail_module' for processing function 'process'
28.05.2007-23:50 - DEBUG - Registered TableHook 'mail_get' in module 'mail_module' for processing function 'process'
28.05.2007-23:50 - DEBUG - Loading Plugin: getmail_plugin
28.05.2007-23:50 - DEBUG - Registered the function 'insert' in the plugin 'getmail_plugin' for event 'mail_get_insert'.
28.05.2007-23:50 - DEBUG - Registered the function 'update' in the plugin 'getmail_plugin' for event 'mail_get_update'.
28.05.2007-23:50 - DEBUG - Registered the function 'delete' in the plugin 'getmail_plugin' for event 'mail_get_delete'.
28.05.2007-23:50 - DEBUG - Raised TableHook for table: 'mail_get'
28.05.2007-23:50 - DEBUG - Call function 'process' in module 'mail_module' raised by TableHook 'mail_get'.
28.05.2007-23:50 - DEBUG - Raised event: 'mail_get_insert'
28.05.2007-23:50 - DEBUG - Call function 'insert' in plugin 'getmail_plugin' raised by event 'mail_get_insert'.
28.05.2007-23:50 - ERROR - Getmail config directory '/etc/getmail' does not exist.
29.05.2007-17:44 - DEBUG - Found 3 changes, starting update process.
29.05.2007-17:44 - DEBUG - Loading Module: mail_module
29.05.2007-17:44 - DEBUG - Announced event: mail_domain_insert
29.05.2007-17:44 - DEBUG - Announced event: mail_domain_update
29.05.2007-17:44 - DEBUG - Announced event: mail_domain_delete
29.05.2007-17:44 - DEBUG - Announced event: mail_user_insert
29.05.2007-17:44 - DEBUG - Announced event: mail_user_update
29.05.2007-17:44 - DEBUG - Announced event: mail_user_delete
29.05.2007-17:44 - DEBUG - Announced event: mail_access_insert
29.05.2007-17:44 - DEBUG - Announced event: mail_access_update
29.05.2007-17:44 - DEBUG - Announced event: mail_access_delete
29.05.2007-17:44 - DEBUG - Announced event: mail_forwarding_insert
29.05.2007-17:44 - DEBUG - Announced event: mail_forwarding_update
29.05.2007-17:44 - DEBUG - Announced event: mail_forwarding_delete
29.05.2007-17:44 - DEBUG - Announced event: mail_transport_insert
29.05.2007-17:44 - DEBUG - Announced event: mail_transport_update
29.05.2007-17:44 - DEBUG - Announced event: mail_transport_delete
29.05.2007-17:44 - DEBUG - Announced event: mail_get_insert
29.05.2007-17:44 - DEBUG - Announced event: mail_get_update
29.05.2007-17:44 - DEBUG - Announced event: mail_get_delete
29.05.2007-17:44 - DEBUG - Registered TableHook 'mail_access' in module 'mail_module' for processing function 'process'
29.05.2007-17:44 - DEBUG - Registered TableHook 'mail_domain' in module 'mail_module' for processing function 'process'
29.05.2007-17:44 - DEBUG - Registered TableHook 'mail_forwarding' in module 'mail_module' for processing function 'process'
29.05.2007-17:44 - DEBUG - Registered TableHook 'mail_transport' in module 'mail_module' for processing function 'process'
29.05.2007-17:44 - DEBUG - Registered TableHook 'mail_user' in module 'mail_module' for processing function 'process'
29.05.2007-17:44 - DEBUG - Registered TableHook 'mail_get' in module 'mail_module' for processing function 'process'
29.05.2007-17:44 - DEBUG - Loading Plugin: getmail_plugin
29.05.2007-17:44 - DEBUG - Registered the function 'insert' in the plugin 'getmail_plugin' for event 'mail_get_insert'.
29.05.2007-17:44 - DEBUG - Registered the function 'update' in the plugin 'getmail_plugin' for event 'mail_get_update'.
29.05.2007-17:44 - DEBUG - Registered the function 'delete' in the plugin 'getmail_plugin' for event 'mail_get_delete'.
29.05.2007-17:44 - DEBUG - Raised TableHook for table: 'client'
29.05.2007-17:44 - DEBUG - Raised TableHook for table: 'client'
29.05.2007-17:44 - DEBUG - Raised TableHook for table: 'client'
29.05.2007-17:44 - DEBUG - Raised TableHook for table: 'spamfilter_wblist'
29.05.2007-17:44 - DEBUG - Raised TableHook for table: 'spamfilter_wblist'
29.05.2007-17:44 - DEBUG - Raised TableHook for table: 'client'
29.05.2007-17:44 - DEBUG - Raised TableHook for table: 'mail_get'
29.05.2007-17:44 - DEBUG - Call function 'process' in module 'mail_module' raised by TableHook 'mail_get'.
29.05.2007-17:44 - DEBUG - Raised event: 'mail_get_insert'
29.05.2007-17:44 - DEBUG - Call function 'insert' in plugin 'getmail_plugin' raised by event 'mail_get_insert'.
29.05.2007-17:44 - ERROR - Getmail config directory '/etc/getmail' does not exist.
29.05.2007-17:44 - DEBUG - Raised TableHook for table: 'client'
29.05.2007-17:44 - DEBUG - Raised TableHook for table: 'client'
29.05.2007-17:45 - DEBUG - Found 3 changes, starting update process.
29.05.2007-17:45 - DEBUG - Loading Module: mail_module
29.05.2007-17:45 - DEBUG - Announced event: mail_domain_insert
29.05.2007-17:45 - DEBUG - Announced event: mail_domain_update
29.05.2007-17:45 - DEBUG - Announced event: mail_domain_delete
29.05.2007-17:45 - DEBUG - Announced event: mail_user_insert
29.05.2007-17:45 - DEBUG - Announced event: mail_user_update
29.05.2007-17:45 - DEBUG - Announced event: mail_user_delete
29.05.2007-17:45 - DEBUG - Announced event: mail_access_insert
29.05.2007-17:45 - DEBUG - Announced event: mail_access_update
29.05.2007-17:45 - DEBUG - Announced event: mail_access_delete
29.05.2007-17:45 - DEBUG - Announced event: mail_forwarding_insert
29.05.2007-17:45 - DEBUG - Announced event: mail_forwarding_update
29.05.2007-17:45 - DEBUG - Announced event: mail_forwarding_delete
29.05.2007-17:45 - DEBUG - Announced event: mail_transport_insert
29.05.2007-17:45 - DEBUG - Announced event: mail_transport_update
29.05.2007-17:45 - DEBUG - Announced event: mail_transport_delete
29.05.2007-17:45 - DEBUG - Announced event: mail_get_insert
29.05.2007-17:45 - DEBUG - Announced event: mail_get_update
29.05.2007-17:45 - DEBUG - Announced event: mail_get_delete
29.05.2007-17:45 - DEBUG - Registered TableHook 'mail_access' in module 'mail_module' for processing function 'process'
29.05.2007-17:45 - DEBUG - Registered TableHook 'mail_domain' in module 'mail_module' for processing function 'process'
29.05.2007-17:45 - DEBUG - Registered TableHook 'mail_forwarding' in module 'mail_module' for processing function 'process'
29.05.2007-17:45 - DEBUG - Registered TableHook 'mail_transport' in module 'mail_module' for processing function 'process'
29.05.2007-17:45 - DEBUG - Registered TableHook 'mail_user' in module 'mail_module' for processing function 'process'
29.05.2007-17:45 - DEBUG - Registered TableHook 'mail_get' in module 'mail_module' for processing function 'process'
29.05.2007-17:45 - DEBUG - Loading Plugin: getmail_plugin
29.05.2007-17:45 - DEBUG - Registered the function 'insert' in the plugin 'getmail_plugin' for event 'mail_get_insert'.
29.05.2007-17:45 - DEBUG - Registered the function 'update' in the plugin 'getmail_plugin' for event 'mail_get_update'.
29.05.2007-17:45 - DEBUG - Registered the function 'delete' in the plugin 'getmail_plugin' for event 'mail_get_delete'.
29.05.2007-17:45 - DEBUG - Raised TableHook for table: 'client'
29.05.2007-17:45 - DEBUG - Raised TableHook for table: 'client'
29.05.2007-17:45 - DEBUG - Raised TableHook for table: 'client'
29.05.2007-17:45 - DEBUG - Raised TableHook for table: 'spamfilter_wblist'
29.05.2007-17:45 - DEBUG - Raised TableHook for table: 'spamfilter_wblist'
29.05.2007-17:45 - DEBUG - Raised TableHook for table: 'client'
29.05.2007-17:45 - DEBUG - Raised TableHook for table: 'mail_get'
29.05.2007-17:45 - DEBUG - Call function 'process' in module 'mail_module' raised by TableHook 'mail_get'.
29.05.2007-17:45 - DEBUG - Raised event: 'mail_get_insert'
29.05.2007-17:45 - DEBUG - Call function 'insert' in plugin 'getmail_plugin' raised by event 'mail_get_insert'.
